mode: set
dengovie/internal/config/config.go:10.13,12.40 1 0
dengovie/internal/config/config.go:12.40,14.3 1 0
dengovie/internal/app/middlewares/check_auth.go:12.47,14.16 2 0
dengovie/internal/app/middlewares/check_auth.go:14.16,15.84 1 0
dengovie/internal/app/middlewares/check_auth.go:15.84,18.4 2 0
dengovie/internal/app/middlewares/check_auth.go:21.2,22.16 2 0
dengovie/internal/app/middlewares/check_auth.go:22.16,26.3 3 0
dengovie/internal/app/middlewares/check_auth.go:27.2,28.9 2 0
dengovie/internal/app/middlewares/check_auth.go:28.9,32.3 3 0
dengovie/internal/app/middlewares/check_auth.go:33.2,35.12 2 0
dengovie/internal/app/middlewares/cors.go:16.50,18.65 2 0
dengovie/internal/app/middlewares/cors.go:18.65,20.3 1 0
dengovie/internal/app/middlewares/cors.go:22.2,27.35 5 0
dengovie/internal/app/middlewares/cors.go:27.35,30.3 2 0
dengovie/internal/app/middlewares/cors.go:32.2,32.10 1 0
dengovie/internal/app/middlewares/monitoring.go:29.13,32.2 2 0
dengovie/internal/app/middlewares/monitoring.go:34.58,35.30 1 0
dengovie/internal/app/middlewares/monitoring.go:35.30,47.3 8 0
dengovie/internal/app/middlewares/panic.go:9.50,11.15 1 0
dengovie/internal/app/middlewares/panic.go:11.15,12.35 1 0
dengovie/internal/app/middlewares/panic.go:12.35,16.4 3 0
dengovie/internal/app/middlewares/panic.go:19.2,19.12 1 0
dengovie/internal/app/middlewares/service.go:9.43,13.2 1 0
dengovie/internal/service/users/delete.go:10.102,17.16 2 0
dengovie/internal/service/users/delete.go:17.16,19.3 1 0
dengovie/internal/service/users/delete.go:21.2,21.20 1 0
dengovie/internal/service/users/delete.go:21.20,23.3 1 0
dengovie/internal/service/users/delete.go:25.2,28.16 2 0
dengovie/internal/service/users/delete.go:28.16,30.3 1 0
dengovie/internal/service/users/delete.go:32.2,32.12 1 0
dengovie/internal/service/users/service.go:12.52,16.2 1 0
dengovie/internal/utils/lo/slices.go:4.40,6.26 2 0
dengovie/internal/utils/lo/slices.go:6.26,8.3 1 0
dengovie/internal/utils/lo/slices.go:10.2,11.22 2 0
dengovie/internal/utils/lo/slices.go:11.22,13.3 1 0
dengovie/internal/utils/lo/slices.go:15.2,15.15 1 0
dengovie/internal/store/postgres/debts.go:10.109,21.16 3 0
dengovie/internal/store/postgres/debts.go:21.16,23.3 1 0
dengovie/internal/store/postgres/debts.go:25.2,26.18 2 0
dengovie/internal/store/postgres/debts.go:26.18,29.21 3 0
dengovie/internal/store/postgres/debts.go:29.21,31.4 1 0
dengovie/internal/store/postgres/debts.go:32.3,34.30 2 0
dengovie/internal/store/postgres/debts.go:37.2,37.19 1 0
dengovie/internal/store/postgres/debts.go:40.95,44.54 3 0
dengovie/internal/store/postgres/debts.go:44.54,48.3 3 0
dengovie/internal/store/postgres/debts.go:49.2,58.16 5 0
dengovie/internal/store/postgres/debts.go:58.16,60.3 1 0
dengovie/internal/store/postgres/debts.go:62.2,64.12 2 0
dengovie/internal/store/postgres/debts.go:67.81,72.56 3 0
dengovie/internal/store/postgres/debts.go:72.56,75.3 2 0
dengovie/internal/store/postgres/debts.go:77.2,80.27 4 0
dengovie/internal/store/postgres/debts.go:80.27,82.3 1 0
dengovie/internal/store/postgres/debts.go:84.2,96.16 3 0
dengovie/internal/store/postgres/debts.go:96.16,98.3 1 0
dengovie/internal/store/postgres/debts.go:100.2,101.12 2 0
dengovie/internal/store/postgres/groups.go:12.111,19.22 3 0
dengovie/internal/store/postgres/groups.go:19.22,21.3 1 0
dengovie/internal/store/postgres/groups.go:23.2,24.42 2 0
dengovie/internal/store/postgres/groups.go:24.42,26.3 1 0
dengovie/internal/store/postgres/groups.go:28.2,28.20 1 0
dengovie/internal/store/postgres/groups.go:31.116,38.22 3 0
dengovie/internal/store/postgres/groups.go:38.22,40.3 1 0
dengovie/internal/store/postgres/groups.go:42.2,43.42 2 0
dengovie/internal/store/postgres/groups.go:43.42,45.3 1 0
dengovie/internal/store/postgres/groups.go:47.2,47.20 1 0
dengovie/internal/store/postgres/groups.go:50.108,60.16 3 0
dengovie/internal/store/postgres/groups.go:60.16,62.3 1 0
dengovie/internal/store/postgres/groups.go:64.2,65.18 2 0
dengovie/internal/store/postgres/groups.go:65.18,68.21 3 0
dengovie/internal/store/postgres/groups.go:68.21,70.4 1 0
dengovie/internal/store/postgres/groups.go:71.3,73.33 2 0
dengovie/internal/store/postgres/groups.go:76.2,76.20 1 0
dengovie/internal/store/postgres/groups.go:79.111,90.16 4 0
dengovie/internal/store/postgres/groups.go:90.16,92.3 1 0
dengovie/internal/store/postgres/groups.go:94.2,95.18 2 0
dengovie/internal/store/postgres/groups.go:95.18,98.21 3 0
dengovie/internal/store/postgres/groups.go:98.21,100.4 1 0
dengovie/internal/store/postgres/groups.go:101.3,103.30 2 0
dengovie/internal/store/postgres/groups.go:106.2,106.19 1 0
dengovie/internal/store/postgres/migrations_up.go:14.31,20.53 3 0
dengovie/internal/store/postgres/migrations_up.go:20.53,21.13 1 0
dengovie/internal/store/postgres/migrations_up.go:24.2,24.53 1 0
dengovie/internal/store/postgres/migrations_up.go:24.53,25.13 1 0
dengovie/internal/store/postgres/migrations_up.go:28.2,28.43 1 0
dengovie/internal/store/postgres/service.go:18.48,21.27 2 0
dengovie/internal/store/postgres/service.go:21.27,23.3 1 0
dengovie/internal/store/postgres/service.go:23.8,26.17 3 0
dengovie/internal/store/postgres/service.go:26.17,27.64 1 0
dengovie/internal/store/postgres/service.go:31.2,32.16 2 0
dengovie/internal/store/postgres/service.go:32.16,34.3 1 0
dengovie/internal/store/postgres/service.go:36.2,42.15 3 0
dengovie/internal/store/postgres/users.go:10.105,19.22 3 0
dengovie/internal/store/postgres/users.go:19.22,21.3 1 0
dengovie/internal/store/postgres/users.go:23.2,25.16 3 0
dengovie/internal/store/postgres/users.go:25.16,27.3 1 0
dengovie/internal/store/postgres/users.go:29.2,29.18 1 0
dengovie/internal/store/postgres/users.go:32.99,41.22 3 0
dengovie/internal/store/postgres/users.go:41.22,43.3 1 0
dengovie/internal/store/postgres/users.go:45.2,47.16 3 0
dengovie/internal/store/postgres/users.go:47.16,49.3 1 0
dengovie/internal/store/postgres/users.go:51.2,51.18 1 0
dengovie/internal/store/postgres/users.go:54.91,63.16 3 0
dengovie/internal/store/postgres/users.go:63.16,65.3 1 0
dengovie/internal/store/postgres/users.go:67.2,67.12 1 0
dengovie/internal/store/postgres/users.go:71.91,73.16 2 0
dengovie/internal/store/postgres/users.go:73.16,76.3 2 0
dengovie/internal/store/postgres/users.go:78.2,78.25 1 0
dengovie/internal/store/postgres/users.go:78.25,79.19 1 0
dengovie/internal/store/postgres/users.go:79.19,81.18 2 0
dengovie/internal/store/postgres/users.go:81.18,84.5 2 0
dengovie/internal/store/postgres/users.go:87.3,88.17 2 0
dengovie/internal/store/postgres/users.go:88.17,91.4 2 0
dengovie/internal/store/postgres/users.go:94.2,100.16 3 0
dengovie/internal/store/postgres/users.go:100.16,103.3 2 0
dengovie/internal/store/postgres/users.go:105.2,111.16 3 0
dengovie/internal/store/postgres/users.go:111.16,114.3 2 0
dengovie/internal/store/postgres/users.go:116.2,122.16 3 0
dengovie/internal/store/postgres/users.go:122.16,125.3 2 0
dengovie/internal/store/postgres/users.go:127.2,127.12 1 0
dengovie/internal/store/postgres/users.go:130.95,139.16 3 0
dengovie/internal/store/postgres/users.go:139.16,141.3 1 0
dengovie/internal/store/postgres/users.go:143.2,143.12 1 0
dengovie/internal/store/postgres/users.go:146.97,153.22 3 0
dengovie/internal/store/postgres/users.go:153.22,155.3 1 0
dengovie/internal/store/postgres/users.go:157.2,159.16 3 0
dengovie/internal/store/postgres/users.go:159.16,161.3 1 0
dengovie/internal/store/postgres/users.go:163.2,163.18 1 0
dengovie/internal/utils/jwt/init.go:13.28,15.2 1 0
dengovie/internal/utils/jwt/init.go:21.17,22.21 1 0
dengovie/internal/utils/jwt/init.go:22.21,24.17 2 0
dengovie/internal/utils/jwt/init.go:24.17,25.53 1 0
dengovie/internal/utils/jwt/init.go:28.3,28.25 1 0
dengovie/internal/utils/jwt/sign.go:11.58,19.22 3 0
dengovie/internal/utils/jwt/sign.go:19.22,21.3 1 0
dengovie/internal/utils/jwt/sign.go:23.2,24.22 2 0
dengovie/internal/utils/jwt/sign.go:24.22,25.15 1 0
dengovie/internal/utils/jwt/sign.go:25.15,27.11 2 0
dengovie/internal/utils/jwt/sign.go:27.11,29.5 1 0
dengovie/internal/utils/jwt/sign.go:30.4,31.12 2 0
dengovie/internal/utils/jwt/sign.go:33.3,33.36 1 0
dengovie/internal/utils/jwt/sign.go:36.2,39.16 3 0
dengovie/internal/utils/jwt/sign.go:39.16,41.3 1 0
dengovie/internal/utils/jwt/sign.go:43.2,43.25 1 0
dengovie/internal/utils/jwt/verify.go:19.74,22.75 2 0
dengovie/internal/utils/jwt/verify.go:22.75,24.58 1 0
dengovie/internal/utils/jwt/verify.go:24.58,28.4 2 0
dengovie/internal/utils/jwt/verify.go:30.3,30.21 1 0
dengovie/internal/utils/jwt/verify.go:32.2,32.16 1 0
dengovie/internal/utils/jwt/verify.go:32.16,35.3 2 0
dengovie/internal/utils/jwt/verify.go:37.2,37.52 1 0
dengovie/internal/utils/jwt/verify.go:37.52,40.17 2 0
dengovie/internal/utils/jwt/verify.go:40.17,43.4 2 0
dengovie/internal/utils/jwt/verify.go:45.3,46.17 2 0
dengovie/internal/utils/jwt/verify.go:46.17,49.4 2 0
dengovie/internal/utils/jwt/verify.go:51.3,51.60 1 0
dengovie/internal/utils/jwt/verify.go:51.60,54.4 2 0
dengovie/internal/utils/jwt/verify.go:56.3,57.10 2 0
dengovie/internal/utils/jwt/verify.go:57.10,60.4 2 0
dengovie/internal/utils/jwt/verify.go:62.3,64.9 1 0
dengovie/internal/utils/jwt/verify.go:67.2,67.62 1 0
dengovie/internal/utils/env/env.go:12.38,14.12 2 0
dengovie/internal/utils/env/env.go:14.12,16.3 1 0
dengovie/internal/utils/env/env.go:18.2,18.14 1 0
dengovie/internal/utils/env/env.go:21.36,22.21 1 0
dengovie/internal/utils/env/env.go:22.21,23.34 1 0
dengovie/internal/utils/env/env.go:23.34,24.35 1 0
dengovie/internal/utils/env/env.go:24.35,26.5 1 0
dengovie/internal/utils/env/env.go:26.10,28.5 1 0
dengovie/internal/utils/env/interface.go:23.38,25.33 2 0
dengovie/internal/utils/env/interface.go:25.33,27.3 1 0
dengovie/internal/utils/env/interface.go:29.2,29.65 1 0
dengovie/internal/service/debts/pay.go:10.85,16.16 2 1
dengovie/internal/service/debts/pay.go:16.16,18.3 1 1
dengovie/internal/service/debts/pay.go:20.2,22.26 3 1
dengovie/internal/service/debts/pay.go:22.26,23.40 1 1
dengovie/internal/service/debts/pay.go:23.40,26.4 2 1
dengovie/internal/service/debts/pay.go:28.2,28.12 1 1
dengovie/internal/service/debts/pay.go:28.12,30.3 1 1
dengovie/internal/service/debts/pay.go:32.2,33.16 2 1
dengovie/internal/service/debts/pay.go:33.16,35.3 1 1
dengovie/internal/service/debts/pay.go:35.8,35.39 1 1
dengovie/internal/service/debts/pay.go:35.39,37.3 1 1
dengovie/internal/service/debts/pay.go:39.2,39.20 1 1
dengovie/internal/service/debts/pay.go:39.20,41.3 1 1
dengovie/internal/service/debts/pay.go:44.2,53.16 2 1
dengovie/internal/service/debts/pay.go:53.16,55.3 1 1
dengovie/internal/service/debts/pay.go:57.2,57.12 1 1
dengovie/internal/service/debts/service.go:9.42,13.2 1 1
dengovie/internal/service/debts/share.go:13.84,19.16 2 1
dengovie/internal/service/debts/share.go:19.16,21.3 1 1
dengovie/internal/service/debts/share.go:22.2,22.11 1 1
dengovie/internal/service/debts/share.go:22.11,24.3 1 1
dengovie/internal/service/debts/share.go:27.2,29.16 3 1
dengovie/internal/service/debts/share.go:29.16,31.3 1 1
dengovie/internal/service/debts/share.go:32.2,32.12 1 1
dengovie/internal/service/debts/share.go:32.12,34.3 1 1
dengovie/internal/service/debts/share.go:36.2,37.31 2 1
dengovie/internal/service/debts/share.go:37.31,38.26 1 1
dengovie/internal/service/debts/share.go:38.26,39.12 1 0
dengovie/internal/service/debts/share.go:42.3,42.34 1 1
dengovie/internal/service/debts/share.go:45.2,45.24 1 1
dengovie/internal/service/debts/share.go:45.24,47.3 1 0
dengovie/internal/service/debts/share.go:50.2,54.16 2 1
dengovie/internal/service/debts/share.go:54.16,56.3 1 1
dengovie/internal/service/debts/share.go:60.2,60.46 1 1
dengovie/internal/service/debts/share.go:60.46,62.3 1 1
dengovie/internal/service/debts/share.go:64.2,67.31 4 1
dengovie/internal/service/debts/share.go:67.31,69.20 2 1
dengovie/internal/service/debts/share.go:69.20,72.4 2 0
dengovie/internal/service/debts/share.go:74.3,74.26 1 1
dengovie/internal/service/debts/share.go:74.26,75.12 1 0
dengovie/internal/service/debts/share.go:78.3,81.5 1 1
dengovie/internal/service/debts/share.go:85.2,89.16 2 1
dengovie/internal/service/debts/share.go:89.16,91.3 1 0
dengovie/internal/service/debts/share.go:93.2,93.12 1 1
dengovie/internal/app/dengovie/auth.go:27.52,31.16 3 1
dengovie/internal/app/dengovie/auth.go:31.16,35.3 3 1
dengovie/internal/app/dengovie/auth.go:37.2,40.16 2 1
dengovie/internal/app/dengovie/auth.go:40.16,41.37 1 1
dengovie/internal/app/dengovie/auth.go:41.37,45.4 3 1
dengovie/internal/app/dengovie/auth.go:47.3,52.23 3 1
dengovie/internal/app/dengovie/auth.go:52.23,56.4 3 1
dengovie/internal/app/dengovie/auth.go:58.3,59.9 2 1
dengovie/internal/app/dengovie/auth.go:62.2,63.16 2 1
dengovie/internal/app/dengovie/auth.go:63.16,67.3 3 1
dengovie/internal/app/dengovie/auth.go:69.2,69.27 1 1
dengovie/internal/app/dengovie/auth.go:86.46,90.16 3 1
dengovie/internal/app/dengovie/auth.go:90.16,94.3 3 1
dengovie/internal/app/dengovie/auth.go:96.2,96.22 1 1
dengovie/internal/app/dengovie/auth.go:96.22,102.3 3 1
dengovie/internal/app/dengovie/auth.go:104.2,107.16 2 1
dengovie/internal/app/dengovie/auth.go:107.16,111.3 3 1
dengovie/internal/app/dengovie/auth.go:113.2,114.16 2 1
dengovie/internal/app/dengovie/auth.go:114.16,118.3 3 1
dengovie/internal/app/dengovie/auth.go:120.2,121.83 2 1
dengovie/internal/app/dengovie/auth.go:130.47,133.2 2 0
dengovie/internal/app/dengovie/controller.go:27.15,35.2 1 1
dengovie/internal/app/dengovie/debts.go:26.50,28.16 2 1
dengovie/internal/app/dengovie/debts.go:28.16,31.3 2 1
dengovie/internal/app/dengovie/debts.go:33.2,36.16 2 1
dengovie/internal/app/dengovie/debts.go:36.16,40.3 3 1
dengovie/internal/app/dengovie/debts.go:42.2,43.29 2 1
dengovie/internal/app/dengovie/debts.go:43.29,49.3 1 1
dengovie/internal/app/dengovie/debts.go:51.2,51.31 1 1
dengovie/internal/app/dengovie/debts.go:73.50,75.16 2 1
dengovie/internal/app/dengovie/debts.go:75.16,78.3 2 1
dengovie/internal/app/dengovie/debts.go:80.2,82.16 3 1
dengovie/internal/app/dengovie/debts.go:82.16,86.3 3 1
dengovie/internal/app/dengovie/debts.go:88.2,94.16 2 1
dengovie/internal/app/dengovie/debts.go:94.16,95.53 1 1
dengovie/internal/app/dengovie/debts.go:95.53,100.4 2 1
dengovie/internal/app/dengovie/debts.go:101.3,101.52 1 1
dengovie/internal/app/dengovie/debts.go:101.52,106.4 2 1
dengovie/internal/app/dengovie/debts.go:108.3,110.9 3 1
dengovie/internal/app/dengovie/debts.go:113.2,113.27 1 1
dengovie/internal/app/dengovie/debts.go:131.48,133.16 2 1
dengovie/internal/app/dengovie/debts.go:133.16,136.3 2 1
dengovie/internal/app/dengovie/debts.go:138.2,140.16 3 1
dengovie/internal/app/dengovie/debts.go:140.16,144.3 3 1
dengovie/internal/app/dengovie/debts.go:146.2,152.16 2 1
dengovie/internal/app/dengovie/debts.go:152.16,157.3 3 1
dengovie/internal/app/dengovie/debts.go:159.2,159.27 1 1
dengovie/internal/app/dengovie/groups.go:24.55,26.16 2 1
dengovie/internal/app/dengovie/groups.go:26.16,29.3 2 1
dengovie/internal/app/dengovie/groups.go:31.2,34.16 2 1
dengovie/internal/app/dengovie/groups.go:34.16,37.3 2 1
dengovie/internal/app/dengovie/groups.go:39.2,39.33 1 1
dengovie/internal/app/dengovie/groups.go:53.57,56.16 2 1
dengovie/internal/app/dengovie/groups.go:56.16,59.3 2 1
dengovie/internal/app/dengovie/groups.go:61.2,62.16 2 1
dengovie/internal/app/dengovie/groups.go:62.16,66.3 3 1
dengovie/internal/app/dengovie/groups.go:67.2,70.16 2 1
dengovie/internal/app/dengovie/groups.go:70.16,74.3 3 1
dengovie/internal/app/dengovie/groups.go:76.2,76.33 1 1
dengovie/internal/app/dengovie/helpers.go:11.57,13.9 2 1
dengovie/internal/app/dengovie/helpers.go:13.9,16.3 2 1
dengovie/internal/app/dengovie/helpers.go:18.2,19.9 2 1
dengovie/internal/app/dengovie/helpers.go:19.9,21.3 1 1
dengovie/internal/app/dengovie/helpers.go:23.2,23.20 1 1
dengovie/internal/app/dengovie/user.go:21.46,23.16 2 1
dengovie/internal/app/dengovie/user.go:23.16,26.3 2 1
dengovie/internal/app/dengovie/user.go:28.2,31.16 2 1
dengovie/internal/app/dengovie/user.go:31.16,35.3 3 1
dengovie/internal/app/dengovie/user.go:37.2,41.4 1 1
dengovie/internal/app/dengovie/user.go:59.51,62.16 2 1
dengovie/internal/app/dengovie/user.go:62.16,65.3 2 1
dengovie/internal/app/dengovie/user.go:67.2,69.16 3 1
dengovie/internal/app/dengovie/user.go:69.16,73.3 3 1
dengovie/internal/app/dengovie/user.go:75.2,79.16 2 1
dengovie/internal/app/dengovie/user.go:79.16,83.3 3 1
dengovie/internal/app/dengovie/user.go:85.2,85.27 1 1
dengovie/internal/app/dengovie/user.go:100.51,102.16 2 1
dengovie/internal/app/dengovie/user.go:102.16,105.3 2 1
dengovie/internal/app/dengovie/user.go:107.2,110.16 2 1
dengovie/internal/app/dengovie/user.go:110.16,114.3 3 1
dengovie/internal/app/dengovie/user.go:116.2,116.27 1 1
dengovie/internal/service/telegram/handlers.go:13.88,21.16 4 1
dengovie/internal/service/telegram/handlers.go:21.16,22.36 1 1
dengovie/internal/service/telegram/handlers.go:22.36,28.29 3 1
dengovie/internal/service/telegram/handlers.go:28.29,30.5 1 1
dengovie/internal/service/telegram/handlers.go:31.4,31.10 1 1
dengovie/internal/service/telegram/handlers.go:34.3,38.17 3 1
dengovie/internal/service/telegram/handlers.go:38.17,40.4 1 1
dengovie/internal/service/telegram/handlers.go:41.3,41.9 1 1
dengovie/internal/service/telegram/handlers.go:44.2,44.27 1 1
dengovie/internal/service/telegram/handlers.go:44.27,50.27 3 1
dengovie/internal/service/telegram/handlers.go:50.27,53.4 2 1
dengovie/internal/service/telegram/handlers.go:55.3,58.17 2 1
dengovie/internal/service/telegram/handlers.go:58.17,60.4 1 1
dengovie/internal/service/telegram/handlers.go:61.3,61.9 1 1
dengovie/internal/service/telegram/handlers.go:64.2,67.16 2 1
dengovie/internal/service/telegram/handlers.go:67.16,69.3 1 1
dengovie/internal/service/telegram/send_message.go:11.100,15.16 2 1
dengovie/internal/service/telegram/send_message.go:15.16,17.3 1 0
dengovie/internal/service/telegram/send_message.go:19.2,20.16 2 1
dengovie/internal/service/telegram/send_message.go:20.16,22.3 1 0
dengovie/internal/service/telegram/send_message.go:24.2,24.12 1 1
dengovie/internal/service/telegram/send_message.go:27.99,30.20 2 1
dengovie/internal/service/telegram/send_message.go:30.20,32.3 1 1
dengovie/internal/service/telegram/send_message.go:34.2,40.16 3 1
dengovie/internal/service/telegram/send_message.go:40.16,42.3 1 1
dengovie/internal/service/telegram/send_message.go:44.2,44.12 1 1
dengovie/internal/service/telegram/service.go:27.76,30.22 2 0
dengovie/internal/service/telegram/service.go:30.22,32.3 1 0
dengovie/internal/service/telegram/service.go:32.8,35.17 3 0
dengovie/internal/service/telegram/service.go:35.17,36.52 1 0
dengovie/internal/service/telegram/service.go:40.2,42.16 3 0
dengovie/internal/service/telegram/service.go:42.16,44.3 1 0
dengovie/internal/service/telegram/service.go:46.2,53.15 3 0
dengovie/internal/service/telegram/service.go:56.45,58.12 2 0
dengovie/internal/service/telegram/service.go:58.12,60.3 1 0
